#
# A fatal error has been detected by the Java Runtime Environment:
#
#  EXCEPTION_ACCESS_VIOLATION (0xc0000005) at pc=0x00007ffb2918b926, pid=9176, tid=10216
#
# JRE version: OpenJDK Runtime Environment Temurin-17.0.8.1+1 (17.0.8.1+1) (build 17.0.8.1+1)
# Java VM: OpenJDK 64-Bit Server VM Temurin-17.0.8.1+1 (17.0.8.1+1, mixed mode, tiered, compressed oops, compressed class ptrs, parallel gc, windows-amd64)
# Problematic frame:
# V  [jvm.dll+0x6ab926]
#
# No core dump will be written. Minidumps are not enabled by default on client versions of Windows
#
# If you would like to submit a bug report, please visit:
#   https://github.com/adoptium/adoptium-support/issues
#

---------------  S U M M A R Y ------------

Command Line: --add-modules=ALL-SYSTEM --add-opens=java.base/java.util=ALL-UNNAMED --add-opens=java.base/java.lang=ALL-UNNAMED --add-opens=java.base/sun.nio.fs=ALL-UNNAMED -Declipse.application=org.eclipse.jdt.ls.core.id1 -Dosgi.bundles.defaultStartLevel=4 -Declipse.product=org.eclipse.jdt.ls.core.product -Djava.import.generatesMetadataFilesAtProjectRoot=false -DDetectVMInstallationsJob.disabled=true -Dfile.encoding=utf8 -XX:+UseParallelGC -XX:GCTimeRatio=4 -XX:AdaptiveSizePolicyWeight=90 -Dsun.zip.disableMemoryMapping=true -Xmx1G -Xms100m -Xlog:disable -javaagent:c:\Users\bhand\.vscode\extensions\redhat.java-1.24.0-win32-x64\lombok\lombok-1.18.30.jar -XX:+HeapDumpOnOutOfMemoryError -XX:HeapDumpPath=c:\Users\bhand\AppData\Roaming\Code\User\workspaceStorage\c377c9bc421ba3cb8b067c13f5c2324e\redhat.java -Daether.dependencyCollector.impl=bf c:\Users\bhand\.vscode\extensions\redhat.java-1.24.0-win32-x64\server\plugins\org.eclipse.equinox.launcher_1.6.500.v20230717-2134.jar -configuration c:\Users\bhand\AppData\Roaming\Code\User\globalStorage\redhat.java\1.24.0\config_win -data c:\Users\bhand\AppData\Roaming\Code\User\workspaceStorage\c377c9bc421ba3cb8b067c13f5c2324e\redhat.java\jdt_ws --stdio

Host: Intel(R) Core(TM) i5-4210U CPU @ 1.70GHz, 4 cores, 3G,  Windows 10 , 64 bit Build 19041 (10.0.19041.3636)
Time: Wed Nov 29 18:51:13 2023 Pakistan Standard Time elapsed time: 167023.358832 seconds (1d 22h 23m 43s)

---------------  T H R E A D  ---------------

Current thread (0x000002441276b170):  GCTaskThread "GC Thread#0" [stack: 0x000000d490a00000,0x000000d490b00000] [id=10216]

Stack: [0x000000d490a00000,0x000000d490b00000],  sp=0x000000d490aff3d0,  free space=1020k
Native frames: (J=compiled Java code, j=interpreted, Vv=VM code, C=native code)
V  [jvm.dll+0x6ab926]
V  [jvm.dll+0x6abc6d]
V  [jvm.dll+0x6b07f8]
V  [jvm.dll+0x7ea708]
V  [jvm.dll+0x6b51fd]
V  [jvm.dll+0x862bbb]
V  [jvm.dll+0x862c06]
V  [jvm.dll+0x7e64ca]
V  [jvm.dll+0x677955]
C  [ucrtbase.dll+0x21bb2]
C  [KERNEL32.DLL+0x17344]
C  [ntdll.dll+0x526b1]


siginfo: EXCEPTION_ACCESS_VIOLATION (0xc0000005), reading address 0xffffffffffffffff


Register to memory mapping:

RIP=0x00007ffb2918b926 jvm.dll
RAX=0x1ffffffff52cff2c is an unknown value
RBX=0x000000006967ff60 is an unknown value
RCX=0x000000000000002c is an unknown value
RDX=0x0000024426130000 points into unknown readable memory: 0x0000000010000501 | 01 05 00 10 00 00 00 00
RSP=0x000000d490aff3d0 points into unknown readable memory: 0x00000000c4071f98 | 98 1f 07 c4 00 00 00 00
RBP=0x0000024428436830 points into unknown readable memory: 0x000002441280d6a0 | a0 d6 80 12 44 02 00 00
RSI=0x00007ffb29491de8 jvm.dll
RDI=0x00000000c404a340 is pointing into object: [Ljava.util.HashMap$Node; 
{0x00000000c404a310} - klass: 'java/util/HashMap$Node'[]
 - length: 16
R8 =0x007fffffffd4b3ff is an unknown value
R9 =0x0000000000000001 is an unknown value
R10=0x0000000000000010 is an unknown value
R11=0x00000000c404a310 is an oop: [Ljava.util.HashMap$Node; 
{0x00000000c404a310} - klass: 'java/util/HashMap$Node'[]
 - length: 16
R12=0x0 is NULL
R13=0x000000d490aff5d0 points into unknown readable memory: 0x00007ffb294927e0 | e0 27 49 29 fb 7f 00 00
R14=0x00000000c404a360 is an oop: java.util.LinkedHashMap$Entry 
{0x00000000c404a360} - klass: 'java/util/LinkedHashMap$Entry'
 - ---- fields (total size 5 words):
 - final 'hash' 'I' @12  135456207 (812e5cf)
 - final 'key' 'Ljava/lang/Object;' @16  a 'org/eclipse/jdt/internal/compiler/lookup/PlainPackageBinding'{0x00000000c4013928} (c4013928)
 - 'value' 'Ljava/lang/Object;' @20  a 'java/lang/Object'{0x00000000c0003420} (c0003420)
 - 'next' 'Ljava/util/HashMap$Node;' @24  NULL (0)
 - 'before' 'Ljava/util/LinkedHashMap$Entry;' @28  a 'java/util/LinkedHashMap$Entry'{0x00000000c404a388} (c404a388)
 - 'after' 'Ljava/util/LinkedHashMap$Entry;' @32  a 'java/util/LinkedHashMap$Entry'{0x00000000c404c508} (c404c508)
R15=0x00007ffb295f77a0 jvm.dll


Registers:
RAX=0x1ffffffff52cff2c, RBX=0x000000006967ff60, RCX=0x000000000000002c, RDX=0x0000024426130000
RSP=0x000000d490aff3d0, RBP=0x0000024428436830, RSI=0x00007ffb29491de8, RDI=0x00000000c404a340
R8 =0x007fffffffd4b3ff, R9 =0x0000000000000001, R10=0x0000000000000010, R11=0x00000000c404a310
R12=0x0000000000000000, R13=0x000000d490aff5d0, R14=0x00000000c404a360, R15=0x00007ffb295f77a0
RIP=0x00007ffb2918b926, EFLAGS=0x0000000000010207

Top of Stack: (sp=0x000000d490aff3d0)
0x000000d490aff3d0:   00000000c4071f98 00000000c4071f90
0x000000d490aff3e0:   00007ffb295f77a0 00007ffb293fcbc0
0x000000d490aff3f0:   00007ffb293fcbc0 00007ffb2918bc6d
0x000000d490aff400:   0000024428436830 000000d490aff469
0x000000d490aff410:   00007ffb29491de8 000000000000d5af
0x000000d490aff420:   0000000000000000 0000000000000000
0x000000d490aff430:   0000000000000000 0000000000000000
0x000000d490aff440:   0000000000000000 0000000000000000
0x000000d490aff450:   0000024412810cd0 00007ffb292c0001
0x000000d490aff460:   00007ffb293fcbc0 000002441276cc00
0x000000d490aff470:   0000c84800000003 0000024428436830
0x000000d490aff480:   0000000000000000 0000000000000000
0x000000d490aff490:   0000024412810cd0 000002441276ac68
0x000000d490aff4a0:   00000000000003d8 0000024412638960
0x000000d490aff4b0:   000002441276a880 0000024428436830
0x000000d490aff4c0:   000002441276a890 00007ffb291907f8 

Instructions: (pc=0x00007ffb2918b926)
0x00007ffb2918b826:   ff 48 39 b3 50 08 00 00 0f 85 e5 fe ff ff 48 83
0x00007ffb2918b836:   c4 20 5f 5e 5b c3 cc cc cc cc 48 89 5c 24 08 48
0x00007ffb2918b846:   89 6c 24 10 48 89 74 24 18 48 89 7c 24 20 41 56
0x00007ffb2918b856:   48 83 ec 20 80 3d 1c 2e 4c 00 00 bb 10 00 00 00
0x00007ffb2918b866:   48 8b e9 4d 63 d0 4c 8b da 8b c3 8d 4b fc 0f 84
0x00007ffb2918b876:   06 01 00 00 44 0f b6 0d fc 2d 4c 00 45 84 c9 0f
0x00007ffb2918b886:   45 c1 4c 63 04 10 49 8b d2 49 8b c0 49 2b c2 41
0x00007ffb2918b896:   ba 00 08 00 00 49 3b c2 4c 0f 42 d0 b8 18 00 00
0x00007ffb2918b8a6:   00 4c 03 d2 45 84 c9 0f 45 c3 49 03 c3 48 8d 3c
0x00007ffb2918b8b6:   90 4e 8d 34 90 4d 3b d0 73 0e 4d 8b c2 49 8b d3
0x00007ffb2918b8c6:   48 8b cd e8 62 0b 00 00 49 3b fe 0f 83 90 01 00
0x00007ffb2918b8d6:   00 66 0f 1f 84 00 00 00 00 00 8b 07 85 c0 0f 84
0x00007ffb2918b8e6:   84 00 00 00 8b 0d 08 6a 45 00 8b d8 48 8b 15 d7
0x00007ffb2918b8f6:   c8 4d 00 48 d3 e3 48 03 1d ed 69 45 00 8b 0d 3f
0x00007ffb2918b906:   79 45 00 48 8b c3 48 2b 02 48 8b 52 10 48 c1 e8
0x00007ffb2918b916:   03 48 d3 e8 4c 8b c0 24 3f 49 c1 e8 06 0f b6 c8
0x00007ffb2918b926:   4a 8b 04 c2 48 0f a3 c8 72 3e 48 8b cb e8 58 10
0x00007ffb2918b936:   96 ff 48 63 f0 48 8d 0d 5e ca 4d 00 4c 8b c6 48
0x00007ffb2918b946:   8b d3 e8 a3 74 fd ff 84 c0 74 1d 4c 8b c6 48 8d
0x00007ffb2918b956:   0d 85 ca 4d 00 48 8b d3 e8 dd 2e 00 00 48 8b d3
0x00007ffb2918b966:   48 8b cd e8 22 0a 00 00 48 83 c7 04 49 3b fe 0f
0x00007ffb2918b976:   82 65 ff ff ff e9 e7 00 00 00 0f b6 15 f7 2c 4c
0x00007ffb2918b986:   00 84 d2 48 0f 45 c1 49 8b ca 4e 63 0c 18 49 8b
0x00007ffb2918b996:   c1 49 2b c2 41 ba 00 08 00 00 49 3b c2 4c 0f 42
0x00007ffb2918b9a6:   d0 b8 18 00 00 00 4c 03 d1 84 d2 48 0f 45 c3 49
0x00007ffb2918b9b6:   03 c3 48 8d 3c c8 4e 8d 34 d0 4d 3b d1 73 0e 4d
0x00007ffb2918b9c6:   8b c2 49 8b d3 48 8b cd e8 5d 0a 00 00 49 3b fe
0x00007ffb2918b9d6:   0f 83 8b 00 00 00 0f 1f 40 00 48 8b 1f 48 85 db
0x00007ffb2918b9e6:   74 72 48 8b 15 e1 c7 4d 00 48 8b c3 8b 0d 50 78
0x00007ffb2918b9f6:   45 00 48 2b 02 48 8b 52 10 48 c1 e8 03 48 d3 e8
0x00007ffb2918ba06:   4c 8b c0 24 3f 49 c1 e8 06 0f b6 c8 4a 8b 04 c2
0x00007ffb2918ba16:   48 0f a3 c8 72 3e 48 8b cb e8 6c 0f 96 ff 48 63 


Stack slot to memory mapping:
stack at sp + 0 slots: 0x00000000c4071f98 is an oop: [C 
{0x00000000c4071f98} - klass: {type array char}
 - length: 26
stack at sp + 1 slots: 0x00000000c4071f90 is pointing into object: [[C 
{0x00000000c4071f70} - klass: {type array char}[]
 - length: 5
stack at sp + 2 slots: 0x00007ffb295f77a0 jvm.dll
stack at sp + 3 slots: 0x00007ffb293fcbc0 jvm.dll
stack at sp + 4 slots: 0x00007ffb293fcbc0 jvm.dll
stack at sp + 5 slots: 0x00007ffb2918bc6d jvm.dll
stack at sp + 6 slots: 0x0000024428436830 points into unknown readable memory: 0x000002441280d6a0 | a0 d6 80 12 44 02 00 00
stack at sp + 7 slots: 0x000000d490aff469 points into unknown readable memory: cc 76 12 44 02 00 00


---------------  P R O C E S S  ---------------

Threads class SMR info:
_java_thread_list=0x000002443214a170, length=34, elements={
0x000002441275b5b0, 0x0000024412810cd0, 0x0000024412812de0, 0x00000244284f5670,
0x00000244284f64f0, 0x00000244284f82b0, 0x00000244284fc430, 0x0000024428500e70,
0x00000244285020c0, 0x00000244285032a0, 0x000002442d79e6e0, 0x000002442d964f50,
0x000002442ddee2a0, 0x000002442e1c98f0, 0x000002442e4bdf40, 0x000002442e08e3e0,
0x000002442e5c7b30, 0x000002442e5c7620, 0x000002442e5c8550, 0x000002442e5c52b0,
0x000002442e5c5cd0, 0x000002442f4484a0, 0x000002442f44f910, 0x000002442f44a300,
0x000002442f44dfc0, 0x000002442f44fe20, 0x00000244302a1bb0, 0x00000244302a16a0,
0x000002442f449df0, 0x000002442f44bc50, 0x00000244302a3f20, 0x000002443029e910,
0x00000244302a0260, 0x000002443029f330
}

Java Threads: ( => current thread )
  0x000002441275b5b0 JavaThread "main" [_thread_blocked, id=7788, stack(0x000000d490900000,0x000000d490a00000)]
  0x0000024412810cd0 JavaThread "Reference Handler" daemon [_thread_blocked, id=9932, stack(0x000000d490c00000,0x000000d490d00000)]
  0x0000024412812de0 JavaThread "Finalizer" daemon [_thread_blocked, id=2856, stack(0x000000d490d00000,0x000000d490e00000)]
  0x00000244284f5670 JavaThread "Signal Dispatcher" daemon [_thread_blocked, id=868, stack(0x000000d490e00000,0x000000d490f00000)]
  0x00000244284f64f0 JavaThread "Attach Listener" daemon [_thread_blocked, id=10108, stack(0x000000d490f00000,0x000000d491000000)]
  0x00000244284f82b0 JavaThread "Service Thread" daemon [_thread_blocked, id=6992, stack(0x000000d491000000,0x000000d491100000)]
  0x00000244284fc430 JavaThread "Monitor Deflation Thread" daemon [_thread_blocked, id=4896, stack(0x000000d491100000,0x000000d491200000)]
  0x0000024428500e70 JavaThread "C2 CompilerThread0" daemon [_thread_blocked, id=7132, stack(0x000000d491200000,0x000000d491300000)]
  0x00000244285020c0 JavaThread "C1 CompilerThread0" daemon [_thread_blocked, id=4708, stack(0x000000d491300000,0x000000d491400000)]
  0x00000244285032a0 JavaThread "Sweeper thread" daemon [_thread_blocked, id=6828, stack(0x000000d491400000,0x000000d491500000)]
  0x000002442d79e6e0 JavaThread "Common-Cleaner" daemon [_thread_blocked, id=3608, stack(0x000000d491500000,0x000000d491600000)]
  0x000002442d964f50 JavaThread "Notification Thread" daemon [_thread_blocked, id=5076, stack(0x000000d491600000,0x000000d491700000)]
  0x000002442ddee2a0 JavaThread "Active Thread: Equinox Container: 3595d196-62ba-42d4-abc2-e651aa4a80c7" [_thread_blocked, id=7556, stack(0x000000d491b00000,0x000000d491c00000)]
  0x000002442e1c98f0 JavaThread "Framework Event Dispatcher: Equinox Container: 3595d196-62ba-42d4-abc2-e651aa4a80c7" daemon [_thread_blocked, id=7916, stack(0x000000d491c00000,0x000000d491d00000)]
  0x000002442e4bdf40 JavaThread "Start Level: Equinox Container: 3595d196-62ba-42d4-abc2-e651aa4a80c7" daemon [_thread_blocked, id=2116, stack(0x000000d491d00000,0x000000d491e00000)]
  0x000002442e08e3e0 JavaThread "Bundle File Closer" daemon [_thread_blocked, id=3728, stack(0x000000d491e00000,0x000000d491f00000)]
  0x000002442e5c7b30 JavaThread "SCR Component Actor" daemon [_thread_blocked, id=1632, stack(0x000000d491f00000,0x000000d492000000)]
  0x000002442e5c7620 JavaThread "Worker-JM" [_thread_blocked, id=2704, stack(0x000000d492100000,0x000000d492200000)]
  0x000002442e5c8550 JavaThread "Java indexing" daemon [_thread_blocked, id=9776, stack(0x000000d492500000,0x000000d492600000)]
  0x000002442e5c52b0 JavaThread "JNA Cleaner" daemon [_thread_blocked, id=8232, stack(0x000000d492700000,0x000000d492800000)]
  0x000002442e5c5cd0 JavaThread "pool-2-thread-1" [_thread_blocked, id=7996, stack(0x000000d492900000,0x000000d492a00000)]
  0x000002442f4484a0 JavaThread "WorkspaceEventsHandler" [_thread_blocked, id=5280, stack(0x000000d492a00000,0x000000d492b00000)]
  0x000002442f44f910 JavaThread "pool-1-thread-1" [_thread_blocked, id=10948, stack(0x000000d492b00000,0x000000d492c00000)]
  0x000002442f44a300 JavaThread "Java Debug Server" daemon [_thread_in_native, id=7724, stack(0x000000d492e00000,0x000000d492f00000)]
  0x000002442f44dfc0 JavaThread "RxSchedulerPurge-1" daemon [_thread_blocked, id=2360, stack(0x000000d493000000,0x000000d493100000)]
  0x000002442f44fe20 JavaThread "RxCachedWorkerPoolEvictor-1" daemon [_thread_blocked, id=6544, stack(0x000000d493100000,0x000000d493200000)]
  0x00000244302a1bb0 JavaThread "Worker-15" [_thread_blocked, id=2172, stack(0x000000d492800000,0x000000d492900000)]
  0x00000244302a16a0 JavaThread "process reaper" daemon [_thread_blocked, id=4560, stack(0x000000d490350000,0x000000d490370000)]
  0x000002442f449df0 JavaThread "Worker-17" [_thread_blocked, id=1072, stack(0x000000d492f00000,0x000000d493000000)]
  0x000002442f44bc50 JavaThread "ForkJoinPool.commonPool-worker-40" daemon [_thread_blocked, id=9688, stack(0x000000d490600000,0x000000d490700000)]
  0x00000244302a3f20 JavaThread "ForkJoinPool.commonPool-worker-41" daemon [_thread_blocked, id=9188, stack(0x000000d490700000,0x000000d490800000)]
  0x000002443029e910 JavaThread "pool-5-thread-1" [_thread_blocked, id=7960, stack(0x000000d490800000,0x000000d490900000)]
  0x00000244302a0260 JavaThread "Framework stop - Equinox Container: 3595d196-62ba-42d4-abc2-e651aa4a80c7" [_thread_blocked, id=6148, stack(0x000000d492000000,0x000000d492100000)]
  0x000002443029f330 JavaThread "SCR Component Registry" daemon [_thread_blocked, id=6040, stack(0x000000d492200000,0x000000d492300000)]

Other Threads:
  0x00000244127e5810 VMThread "VM Thread" [stack: 0x000000d490b00000,0x000000d490c00000] [id=8772]
  0x000002442d93f9b0 WatcherThread [stack: 0x000000d491700000,0x000000d491800000] [id=7040]
=>0x000002441276b170 GCTaskThread "GC Thread#0" [stack: 0x000000d490a00000,0x000000d490b00000] [id=10216]
  0x000002442dab6e00 GCTaskThread "GC Thread#1" [stack: 0x000000d491800000,0x000000d491900000] [id=10368]
  0x000002442dd7a020 GCTaskThread "GC Thread#2" [stack: 0x000000d491900000,0x000000d491a00000] [id=11252]
  0x000002442dd7a2e0 GCTaskThread "GC Thread#3" [stack: 0x000000d491a00000,0x000000d491b00000] [id=1704]

Threads with active compile tasks:

VM state: at safepoint (normal execution)

VM Mutex/Monitor currently owned by a thread:  ([mutex/lock_event])
[0x000002441274d3f0] Threads_lock - owner thread: 0x00000244127e5810
[0x000002441274d7e0] Heap_lock - owner thread: 0x000002442e5c8550

Heap address: 0x00000000c0000000, size: 1024 MB, Compressed Oops mode: 32-bit

CDS archive(s) not mapped
Compressed class space mapped at: 0x0000000100000000-0x0000000140000000, reserved size: 1073741824
Narrow klass base: 0x0000000000000000, Narrow klass shift: 3, Narrow klass range: 0x140000000

GC Precious Log:
 CPUs: 4 total, 4 available
 Memory: 3979M
 Large Page Support: Disabled
 NUMA Support: Disabled
 Compressed Oops: Enabled (32-bit)
 Alignments: Space 512K, Generation 512K, Heap 2M
 Heap Min Capacity: 100M
 Heap Initial Capacity: 100M
 Heap Max Capacity: 1G
 Pre-touch: Disabled
 Parallel Workers: 4

Heap:
 PSYoungGen      total 4096K, used 1776K [0x00000000eab00000, 0x00000000eb180000, 0x0000000100000000)
  eden space 2048K, 0% used [0x00000000eab00000,0x00000000eab00000,0x00000000ead00000)
  from space 2048K, 86% used [0x00000000eaf80000,0x00000000eb13c000,0x00000000eb180000)
  to   space 2048K, 0% used [0x00000000ead80000,0x00000000ead80000,0x00000000eaf80000)
 ParOldGen       total 106496K, used 106050K [0x00000000c0000000, 0x00000000c6800000, 0x00000000eab00000)
  object space 106496K, 99% used [0x00000000c0000000,0x00000000c67909b8,0x00000000c6800000)
 Metaspace       used 94313K, committed 95424K, reserved 1179648K
  class space    used 9421K, committed 9920K, reserved 1048576K

Card table byte_map: [0x0000024425dc0000,0x0000024425fd0000] _byte_map_base: 0x00000244257c0000

Marking Bits: (ParMarkBitMap*) 0x00007ffb296683a0
 Begin Bits: [0x0000024426130000, 0x0000024427130000)
 End Bits:   [0x0000024427130000, 0x0000024428130000)

Polling page: 0x0000024412820000

Metaspace:

Usage:
  Non-class:     82.90 MB used.
      Class:      9.20 MB used.
       Both:     92.10 MB used.

Virtual space:
  Non-class space:      128.00 MB reserved,      83.50 MB ( 65%) committed,  2 nodes.
      Class space:        1.00 GB reserved,       9.69 MB ( <1%) committed,  1 nodes.
             Both:        1.12 GB reserved,      93.19 MB (  8%) committed. 

Chunk freelists:
   Non-Class:  11.75 MB
       Class:  6.17 MB
        Both:  17.92 MB

MaxMetaspaceSize: unlimited
CompressedClassSpaceSize: 1.00 GB
Initial GC threshold: 21.00 MB
Current GC threshold: 154.69 MB
CDS: off
MetaspaceReclaimPolicy: balanced
 - commit_granule_bytes: 65536.
 - commit_granule_words: 8192.
 - virtual_space_node_default_size: 8388608.
 - enlarge_chunks_in_place: 1.
 - new_chunks_are_fully_committed: 0.
 - uncommit_free_chunks: 1.
 - use_allocation_guard: 0.
 - handle_deallocations: 1.


Internal statistics:

num_allocs_failed_limit: 9.
num_arena_births: 1032.
num_arena_deaths: 376.
num_vsnodes_births: 3.
num_vsnodes_deaths: 0.
num_space_committed: 1491.
num_space_uncommitted: 0.
num_chunks_returned_to_freelist: 437.
num_chunks_taken_from_freelist: 5153.
num_chunk_merges: 161.
num_chunk_splits: 3048.
num_chunks_enlarged: 1744.
num_inconsistent_stats: 0.

CodeHeap 'non-profiled nmethods': size=120000Kb used=22193Kb max_used=22561Kb free=97806Kb
 bounds [0x000002441e6b0000, 0x000002441fcc0000, 0x0000024425be0000]
CodeHeap 'profiled nmethods': size=120000Kb used=37568Kb max_used=38697Kb free=82431Kb
 bounds [0x0000024416be0000, 0x00000244191c0000, 0x000002441e110000]
CodeHeap 'non-nmethods': size=5760Kb used=1445Kb max_used=1513Kb free=4314Kb
 bounds [0x000002441e110000, 0x000002441e380000, 0x000002441e6b0000]
 total_blobs=18480 nmethods=17685 adapters=704
 compilation: enabled
              stopped_count=0, restarted_count=0
 full_count=0

Compilation events (20 events):
Event: 167017.603 Thread 0x0000024428500e70 25408       4       org.eclipse.osgi.framework.eventmgr.CopyOnWriteIdentityMap$Snapshot$EntryIterator::next (5 bytes)
Event: 167017.604 Thread 0x00000244285020c0 25410   !   3       org.eclipse.osgi.internal.framework.EquinoxEventPublisher::publishBundleEventPrivileged (651 bytes)
Event: 167017.607 Thread 0x0000024428500e70 nmethod 25408 0x000002441f66a090 code [0x000002441f66a220, 0x000002441f66a338]
Event: 167017.617 Thread 0x00000244285020c0 nmethod 25410 0x0000024417cbf890 code [0x0000024417cc00c0, 0x0000024417cc5e18]
Event: 167017.618 Thread 0x00000244285020c0 25411   !   3       java.util.concurrent.FutureTask::run (123 bytes)
Event: 167017.625 Thread 0x00000244285020c0 nmethod 25411 0x0000024417eac310 code [0x0000024417eac880, 0x0000024417eaf4c8]
Event: 167017.707 Thread 0x00000244285020c0 25412       1       org.eclipse.core.internal.preferences.EclipsePreferences::name (5 bytes)
Event: 167017.707 Thread 0x00000244285020c0 nmethod 25412 0x000002441f669d90 code [0x000002441f669f20, 0x000002441f669ff8]
Event: 167018.011 Thread 0x00000244285020c0 25413       3       com.sun.org.apache.xerces.internal.impl.dtd.XMLSimpleType::<init> (5 bytes)
Event: 167018.012 Thread 0x00000244285020c0 nmethod 25413 0x0000024417eabf90 code [0x0000024417eac120, 0x0000024417eac278]
Event: 167018.012 Thread 0x0000024428500e70 25414       4       com.sun.org.apache.xerces.internal.dom.NodeImpl::needsSyncData (15 bytes)
Event: 167018.012 Thread 0x0000024428500e70 nmethod 25414 0x000002441f669a90 code [0x000002441f669c00, 0x000002441f669c98]
Event: 167018.013 Thread 0x0000024428500e70 25415       4       org.eclipse.osgi.internal.framework.BundleContextImpl::setContextFinder (56 bytes)
Event: 167018.018 Thread 0x0000024428500e70 nmethod 25415 0x000002441f669090 code [0x000002441f669240, 0x000002441f669778]
Event: 167018.185 Thread 0x00000244285020c0 25416       1       org.eclipse.debug.core.DebugPlugin::getUniqueIdentifier (3 bytes)
Event: 167018.185 Thread 0x00000244285020c0 nmethod 25416 0x000002441f668d90 code [0x000002441f668f20, 0x000002441f668fd8]
Event: 167018.614 Thread 0x00000244285020c0 25417       3       org.eclipse.jdt.internal.core.index.DiskIndex::mergeCategory (301 bytes)
Event: 167018.616 Thread 0x00000244285020c0 nmethod 25417 0x0000024418124910 code [0x0000024418124be0, 0x0000024418125dd8]
Event: 167018.766 Thread 0x00000244285020c0 25418       3       org.eclipse.jdt.internal.core.index.Index::hasChanged (8 bytes)
Event: 167018.766 Thread 0x00000244285020c0 nmethod 25418 0x00000244184f3210 code [0x00000244184f33c0, 0x00000244184f3598]

GC Heap History (20 events):
Event: 166875.035 GC heap after
{Heap after GC invocations=3898 (full 124):
 PSYoungGen      total 2560K, used 32K [0x00000000eab00000, 0x00000000eb080000, 0x0000000100000000)
  eden space 2048K, 0% used [0x00000000eab00000,0x00000000eab00000,0x00000000ead00000)
  from space 512K, 6% used [0x00000000eaf80000,0x00000000eaf88000,0x00000000eb000000)
  to   space 512K, 0% used [0x00000000eb000000,0x00000000eb000000,0x00000000eb080000)
 ParOldGen       total 105472K, used 101341K [0x00000000c0000000, 0x00000000c6700000, 0x00000000eab00000)
  object space 105472K, 96% used [0x00000000c0000000,0x00000000c62f7538,0x00000000c6700000)
 Metaspace       used 93990K, committed 95104K, reserved 1179648K
  class space    used 9370K, committed 9856K, reserved 1048576K
}
Event: 166875.042 GC heap before
{Heap before GC invocations=3899 (full 124):
 PSYoungGen      total 2560K, used 2080K [0x00000000eab00000, 0x00000000eb080000, 0x0000000100000000)
  eden space 2048K, 100% used [0x00000000eab00000,0x00000000ead00000,0x00000000ead00000)
  from space 512K, 6% used [0x00000000eaf80000,0x00000000eaf88000,0x00000000eb000000)
  to   space 512K, 0% used [0x00000000eb000000,0x00000000eb000000,0x00000000eb080000)
 ParOldGen       total 105472K, used 101341K [0x00000000c0000000, 0x00000000c6700000, 0x00000000eab00000)
  object space 105472K, 96% used [0x00000000c0000000,0x00000000c62f7538,0x00000000c6700000)
 Metaspace       used 93990K, committed 95104K, reserved 1179648K
  class space    used 9370K, committed 9856K, reserved 1048576K
}
Event: 166875.043 GC heap after
{Heap after GC invocations=3899 (full 124):
 PSYoungGen      total 2560K, used 32K [0x00000000eab00000, 0x00000000eb080000, 0x0000000100000000)
  eden space 2048K, 0% used [0x00000000eab00000,0x00000000eab00000,0x00000000ead00000)
  from space 512K, 6% used [0x00000000eb000000,0x00000000eb008000,0x00000000eb080000)
  to   space 512K, 0% used [0x00000000eaf80000,0x00000000eaf80000,0x00000000eb000000)
 ParOldGen       total 105472K, used 101341K [0x00000000c0000000, 0x00000000c6700000, 0x00000000eab00000)
  object space 105472K, 96% used [0x00000000c0000000,0x00000000c62f7538,0x00000000c6700000)
 Metaspace       used 93990K, committed 95104K, reserved 1179648K
  class space    used 9370K, committed 9856K, reserved 1048576K
}
Event: 166875.047 GC heap before
{Heap before GC invocations=3900 (full 124):
 PSYoungGen      total 2560K, used 2080K [0x00000000eab00000, 0x00000000eb080000, 0x0000000100000000)
  eden space 2048K, 100% used [0x00000000eab00000,0x00000000ead00000,0x00000000ead00000)
  from space 512K, 6% used [0x00000000eb000000,0x00000000eb008000,0x00000000eb080000)
  to   space 512K, 0% used [0x00000000eaf80000,0x00000000eaf80000,0x00000000eb000000)
 ParOldGen       total 105472K, used 101341K [0x00000000c0000000, 0x00000000c6700000, 0x00000000eab00000)
  object space 105472K, 96% used [0x00000000c0000000,0x00000000c62f7538,0x00000000c6700000)
 Metaspace       used 93990K, committed 95104K, reserved 1179648K
  class space    used 9370K, committed 9856K, reserved 1048576K
}
Event: 166875.049 GC heap after
{Heap after GC invocations=3900 (full 124):
 PSYoungGen      total 2560K, used 32K [0x00000000eab00000, 0x00000000eb080000, 0x0000000100000000)
  eden space 2048K, 0% used [0x00000000eab00000,0x00000000eab00000,0x00000000ead00000)
  from space 512K, 6% used [0x00000000eaf80000,0x00000000eaf88000,0x00000000eb000000)
  to   space 512K, 0% used [0x00000000eb000000,0x00000000eb000000,0x00000000eb080000)
 ParOldGen       total 105472K, used 101341K [0x00000000c0000000, 0x00000000c6700000, 0x00000000eab00000)
  object space 105472K, 96% used [0x00000000c0000000,0x00000000c62f7538,0x00000000c6700000)
 Metaspace       used 93990K, committed 95104K, reserved 1179648K
  class space    used 9370K, committed 9856K, reserved 1048576K
}
Event: 166875.054 GC heap before
{Heap before GC invocations=3901 (full 124):
 PSYoungGen      total 2560K, used 2080K [0x00000000eab00000, 0x00000000eb080000, 0x0000000100000000)
  eden space 2048K, 100% used [0x00000000eab00000,0x00000000ead00000,0x00000000ead00000)
  from space 512K, 6% used [0x00000000eaf80000,0x00000000eaf88000,0x00000000eb000000)
  to   space 512K, 0% used [0x00000000eb000000,0x00000000eb000000,0x00000000eb080000)
 ParOldGen       total 105472K, used 101341K [0x00000000c0000000, 0x00000000c6700000, 0x00000000eab00000)
  object space 105472K, 96% used [0x00000000c0000000,0x00000000c62f7538,0x00000000c6700000)
 Metaspace       used 93990K, committed 95104K, reserved 1179648K
  class space    used 9370K, committed 9856K, reserved 1048576K
}
Event: 166875.055 GC heap after
{Heap after GC invocations=3901 (full 124):
 PSYoungGen      total 2560K, used 32K [0x00000000eab00000, 0x00000000eb080000, 0x0000000100000000)
  eden space 2048K, 0% used [0x00000000eab00000,0x00000000eab00000,0x00000000ead00000)
  from space 512K, 6% used [0x00000000eb000000,0x00000000eb008000,0x00000000eb080000)
  to   space 512K, 0% used [0x00000000eaf80000,0x00000000eaf80000,0x00000000eb000000)
 ParOldGen       total 105472K, used 101341K [0x00000000c0000000, 0x00000000c6700000, 0x00000000eab00000)
  object space 105472K, 96% used [0x00000000c0000000,0x00000000c62f7538,0x00000000c6700000)
 Metaspace       used 93990K, committed 95104K, reserved 1179648K
  class space    used 9370K, committed 9856K, reserved 1048576K
}
Event: 167012.631 GC heap before
{Heap before GC invocations=3902 (full 124):
 PSYoungGen      total 2560K, used 2075K [0x00000000eab00000, 0x00000000eb080000, 0x0000000100000000)
  eden space 2048K, 99% used [0x00000000eab00000,0x00000000eacfeda8,0x00000000ead00000)
  from space 512K, 6% used [0x00000000eb000000,0x00000000eb008000,0x00000000eb080000)
  to   space 512K, 0% used [0x00000000eaf80000,0x00000000eaf80000,0x00000000eb000000)
 ParOldGen       total 105472K, used 101341K [0x00000000c0000000, 0x00000000c6700000, 0x00000000eab00000)
  object space 105472K, 96% used [0x00000000c0000000,0x00000000c62f7538,0x00000000c6700000)
 Metaspace       used 94051K, committed 95104K, reserved 1179648K
  class space    used 9382K, committed 9856K, reserved 1048576K
}
Event: 167012.635 GC heap after
{Heap after GC invocations=3902 (full 124):
 PSYoungGen      total 2560K, used 192K [0x00000000eab00000, 0x00000000eb080000, 0x0000000100000000)
  eden space 2048K, 0% used [0x00000000eab00000,0x00000000eab00000,0x00000000ead00000)
  from space 512K, 37% used [0x00000000eaf80000,0x00000000eafb0000,0x00000000eb000000)
  to   space 512K, 0% used [0x00000000eb000000,0x00000000eb000000,0x00000000eb080000)
 ParOldGen       total 105472K, used 101341K [0x00000000c0000000, 0x00000000c6700000, 0x00000000eab00000)
  object space 105472K, 96% used [0x00000000c0000000,0x00000000c62f7538,0x00000000c6700000)
 Metaspace       used 94051K, committed 95104K, reserved 1179648K
  class space    used 9382K, committed 9856K, reserved 1048576K
}
Event: 167016.166 GC heap before
{Heap before GC invocations=3903 (full 124):
 PSYoungGen      total 2560K, used 2230K [0x00000000eab00000, 0x00000000eb080000, 0x0000000100000000)
  eden space 2048K, 99% used [0x00000000eab00000,0x00000000eacfdae8,0x00000000ead00000)
  from space 512K, 37% used [0x00000000eaf80000,0x00000000eafb0000,0x00000000eb000000)
  to   space 512K, 0% used [0x00000000eb000000,0x00000000eb000000,0x00000000eb080000)
 ParOldGen       total 105472K, used 101341K [0x00000000c0000000, 0x00000000c6700000, 0x00000000eab00000)
  object space 105472K, 96% used [0x00000000c0000000,0x00000000c62f7538,0x00000000c6700000)
 Metaspace       used 94152K, committed 95296K, reserved 1179648K
  class space    used 9402K, committed 9920K, reserved 1048576K
}
Event: 167016.170 GC heap after
{Heap after GC invocations=3903 (full 124):
 PSYoungGen      total 2560K, used 416K [0x00000000eab00000, 0x00000000eb080000, 0x0000000100000000)
  eden space 2048K, 0% used [0x00000000eab00000,0x00000000eab00000,0x00000000ead00000)
  from space 512K, 81% used [0x00000000eb000000,0x00000000eb068000,0x00000000eb080000)
  to   space 512K, 0% used [0x00000000eaf80000,0x00000000eaf80000,0x00000000eb000000)
 ParOldGen       total 105472K, used 101445K [0x00000000c0000000, 0x00000000c6700000, 0x00000000eab00000)
  object space 105472K, 96% used [0x00000000c0000000,0x00000000c6311538,0x00000000c6700000)
 Metaspace       used 94152K, committed 95296K, reserved 1179648K
  class space    used 9402K, committed 9920K, reserved 1048576K
}
Event: 167018.980 GC heap before
{Heap before GC invocations=3904 (full 124):
 PSYoungGen      total 2560K, used 2405K [0x00000000eab00000, 0x00000000eb080000, 0x0000000100000000)
  eden space 2048K, 97% used [0x00000000eab00000,0x00000000eacf1428,0x00000000ead00000)
  from space 512K, 81% used [0x00000000eb000000,0x00000000eb068000,0x00000000eb080000)
  to   space 512K, 0% used [0x00000000eaf80000,0x00000000eaf80000,0x00000000eb000000)
 ParOldGen       total 105472K, used 101445K [0x00000000c0000000, 0x00000000c6700000, 0x00000000eab00000)
  object space 105472K, 96% used [0x00000000c0000000,0x00000000c6311538,0x00000000c6700000)
 Metaspace       used 94313K, committed 95424K, reserved 1179648K
  class space    used 9421K, committed 9920K, reserved 1048576K
}
Event: 167018.982 GC heap after
{Heap after GC invocations=3904 (full 124):
 PSYoungGen      total 2560K, used 192K [0x00000000eab00000, 0x00000000eb080000, 0x0000000100000000)
  eden space 2048K, 0% used [0x00000000eab00000,0x00000000eab00000,0x00000000ead00000)
  from space 512K, 37% used [0x00000000eaf80000,0x00000000eafb0000,0x00000000eb000000)
  to   space 512K, 0% used [0x00000000eb000000,0x00000000eb000000,0x00000000eb080000)
 ParOldGen       total 105472K, used 101794K [0x00000000c0000000, 0x00000000c6700000, 0x00000000eab00000)
  object space 105472K, 96% used [0x00000000c0000000,0x00000000c6368820,0x00000000c6700000)
 Metaspace       used 94313K, committed 95424K, reserved 1179648K
  class space    used 9421K, committed 9920K, reserved 1048576K
}
Event: 167019.454 GC heap before
{Heap before GC invocations=3905 (full 124):
 PSYoungGen      total 2560K, used 2240K [0x00000000eab00000, 0x00000000eb080000, 0x0000000100000000)
  eden space 2048K, 100% used [0x00000000eab00000,0x00000000ead00000,0x00000000ead00000)
  from space 512K, 37% used [0x00000000eaf80000,0x00000000eafb0000,0x00000000eb000000)
  to   space 512K, 0% used [0x00000000eb000000,0x00000000eb000000,0x00000000eb080000)
 ParOldGen       total 105472K, used 101794K [0x00000000c0000000, 0x00000000c6700000, 0x00000000eab00000)
  object space 105472K, 96% used [0x00000000c0000000,0x00000000c6368820,0x00000000c6700000)
 Metaspace       used 94313K, committed 95424K, reserved 1179648K
  class space    used 9421K, committed 9920K, reserved 1048576K
}
Event: 167019.459 GC heap after
{Heap after GC invocations=3905 (full 124):
 PSYoungGen      total 2560K, used 488K [0x00000000eab00000, 0x00000000eb200000, 0x0000000100000000)
  eden space 2048K, 0% used [0x00000000eab00000,0x00000000eab00000,0x00000000ead00000)
  from space 512K, 95% used [0x00000000eb000000,0x00000000eb07a088,0x00000000eb080000)
  to   space 2560K, 0% used [0x00000000ead00000,0x00000000ead00000,0x00000000eaf80000)
 ParOldGen       total 105472K, used 103314K [0x00000000c0000000, 0x00000000c6700000, 0x00000000eab00000)
  object space 105472K, 97% used [0x00000000c0000000,0x00000000c64e48a8,0x00000000c6700000)
 Metaspace       used 94313K, committed 95424K, reserved 1179648K
  class space    used 9421K, committed 9920K, reserved 1048576K
}
Event: 167021.017 GC heap before
{Heap before GC invocations=3906 (full 124):
 PSYoungGen      total 2560K, used 2536K [0x00000000eab00000, 0x00000000eb200000, 0x0000000100000000)
  eden space 2048K, 100% used [0x00000000eab00000,0x00000000ead00000,0x00000000ead00000)
  from space 512K, 95% used [0x00000000eb000000,0x00000000eb07a088,0x00000000eb080000)
  to   space 2560K, 0% used [0x00000000ead00000,0x00000000ead00000,0x00000000eaf80000)
 ParOldGen       total 105472K, used 103314K [0x00000000c0000000, 0x00000000c6700000, 0x00000000eab00000)
  object space 105472K, 97% used [0x00000000c0000000,0x00000000c64e48a8,0x00000000c6700000)
 Metaspace       used 94313K, committed 95424K, reserved 1179648K
  class space    used 9421K, committed 9920K, reserved 1048576K
}
Event: 167021.025 GC heap after
{Heap after GC invocations=3906 (full 124):
 PSYoungGen      total 4608K, used 2016K [0x00000000eab00000, 0x00000000eb200000, 0x0000000100000000)
  eden space 2048K, 0% used [0x00000000eab00000,0x00000000eab00000,0x00000000ead00000)
  from space 2560K, 78% used [0x00000000ead00000,0x00000000eaef8000,0x00000000eaf80000)
  to   space 2560K, 0% used [0x00000000eaf80000,0x00000000eaf80000,0x00000000eb200000)
 ParOldGen       total 105472K, used 104050K [0x00000000c0000000, 0x00000000c6700000, 0x00000000eab00000)
  object space 105472K, 98% used [0x00000000c0000000,0x00000000c659c9b8,0x00000000c6700000)
 Metaspace       used 94313K, committed 95424K, reserved 1179648K
  class space    used 9421K, committed 9920K, reserved 1048576K
}
Event: 167021.520 GC heap before
{Heap before GC invocations=3907 (full 124):
 PSYoungGen      total 4608K, used 3913K [0x00000000eab00000, 0x00000000eb200000, 0x0000000100000000)
  eden space 2048K, 92% used [0x00000000eab00000,0x00000000eacda7c8,0x00000000ead00000)
  from space 2560K, 78% used [0x00000000ead00000,0x00000000eaef8000,0x00000000eaf80000)
  to   space 2560K, 0% used [0x00000000eaf80000,0x00000000eaf80000,0x00000000eb200000)
 ParOldGen       total 105472K, used 104050K [0x00000000c0000000, 0x00000000c6700000, 0x00000000eab00000)
  object space 105472K, 98% used [0x00000000c0000000,0x00000000c659c9b8,0x00000000c6700000)
 Metaspace       used 94313K, committed 95424K, reserved 1179648K
  class space    used 9421K, committed 9920K, reserved 1048576K
}
Event: 167021.524 GC heap after
{Heap after GC invocations=3907 (full 124):
 PSYoungGen      total 4096K, used 1776K [0x00000000eab00000, 0x00000000eb180000, 0x0000000100000000)
  eden space 2048K, 0% used [0x00000000eab00000,0x00000000eab00000,0x00000000ead00000)
  from space 2048K, 86% used [0x00000000eaf80000,0x00000000eb13c000,0x00000000eb180000)
  to   space 2048K, 0% used [0x00000000ead80000,0x00000000ead80000,0x00000000eaf80000)
 ParOldGen       total 106496K, used 106050K [0x00000000c0000000, 0x00000000c6800000, 0x00000000eab00000)
  object space 106496K, 99% used [0x00000000c0000000,0x00000000c67909b8,0x00000000c6800000)
 Metaspace       used 94313K, committed 95424K, reserved 1179648K
  class space    used 9421K, committed 9920K, reserved 1048576K
}
Event: 167021.524 GC heap before
{Heap before GC invocations=3908 (full 125):
 PSYoungGen      total 4096K, used 1776K [0x00000000eab00000, 0x00000000eb180000, 0x0000000100000000)
  eden space 2048K, 0% used [0x00000000eab00000,0x00000000eab00000,0x00000000ead00000)
  from space 2048K, 86% used [0x00000000eaf80000,0x00000000eb13c000,0x00000000eb180000)
  to   space 2048K, 0% used [0x00000000ead80000,0x00000000ead80000,0x00000000eaf80000)
 ParOldGen       total 106496K, used 106050K [0x00000000c0000000, 0x00000000c6800000, 0x00000000eab00000)
  object space 106496K, 99% used [0x00000000c0000000,0x00000000c67909b8,0x00000000c6800000)
 Metaspace       used 94313K, committed 95424K, reserved 1179648K
  class space    used 9421K, committed 9920K, reserved 1048576K
}

Dll operation events (11 events):
Event: 0.027 Loaded shared library c:\Users\bhand\.vscode\extensions\redhat.java-1.24.0-win32-x64\jre\17.0.8.1-win32-x86_64\bin\java.dll
Event: 0.204 Loaded shared library c:\Users\bhand\.vscode\extensions\redhat.java-1.24.0-win32-x64\jre\17.0.8.1-win32-x86_64\bin\zip.dll
Event: 0.209 Loaded shared library C:\Users\bhand\.vscode\extensions\redhat.java-1.24.0-win32-x64\jre\17.0.8.1-win32-x86_64\bin\instrument.dll
Event: 0.568 Loaded shared library C:\Users\bhand\.vscode\extensions\redhat.java-1.24.0-win32-x64\jre\17.0.8.1-win32-x86_64\bin\net.dll
Event: 0.832 Loaded shared library C:\Users\bhand\.vscode\extensions\redhat.java-1.24.0-win32-x64\jre\17.0.8.1-win32-x86_64\bin\nio.dll
Event: 0.929 Loaded shared library C:\Users\bhand\.vscode\extensions\redhat.java-1.24.0-win32-x64\jre\17.0.8.1-win32-x86_64\bin\zip.dll
Event: 1.006 Loaded shared library C:\Users\bhand\.vscode\extensions\redhat.java-1.24.0-win32-x64\jre\17.0.8.1-win32-x86_64\bin\jimage.dll
Event: 1.212 Loaded shared library c:\Users\bhand\.vscode\extensions\redhat.java-1.24.0-win32-x64\jre\17.0.8.1-win32-x86_64\bin\verify.dll
Event: 11.729 Loaded shared library C:\Users\bhand\AppData\Roaming\Code\User\globalStorage\redhat.java\1.24.0\config_win\org.eclipse.equinox.launcher\org.eclipse.equinox.launcher.win32.win32.x86_64_1.2.700.v20221108-1024\eclipse_11801.dll
Event: 28.885 Loaded shared library C:\Users\bhand\AppData\Local\Temp\jna-93700049\jna5178613554129854434.dll
Event: 32.620 Loaded shared library C:\Users\bhand\.vscode\extensions\redhat.java-1.24.0-win32-x64\jre\17.0.8.1-win32-x86_64\bin\sunmscapi.dll

Deoptimization events (20 events):
Event: 167016.387 Thread 0x00000244302a0260 DEOPT PACKING pc=0x000002441f074b20 sp=0x000000d4920fc330
Event: 167016.387 Thread 0x00000244302a0260 DEOPT UNPACKING pc=0x000002441e1666a3 sp=0x000000d4920fc2c0 mode 2
Event: 167016.388 Thread 0x00000244302a0260 Uncommon trap: trap_request=0xffffffde fr.pc=0x000002441f6cc1a4 relative=0x0000000000000484
Event: 167016.388 Thread 0x00000244302a0260 Uncommon trap: reason=class_check action=maybe_recompile pc=0x000002441f6cc1a4 method=java.util.TreeMap.getEntry(Ljava/lang/Object;)Ljava/util/TreeMap$Entry; @ 19 c2
Event: 167016.388 Thread 0x00000244302a0260 DEOPT PACKING pc=0x000002441f6cc1a4 sp=0x000000d4920fc940
Event: 167016.388 Thread 0x00000244302a0260 DEOPT UNPACKING pc=0x000002441e1666a3 sp=0x000000d4920fc8d8 mode 2
Event: 167016.455 Thread 0x00000244302a0260 Uncommon trap: trap_request=0xffffffde fr.pc=0x000002441f6cc1a4 relative=0x0000000000000484
Event: 167016.455 Thread 0x00000244302a0260 Uncommon trap: reason=class_check action=maybe_recompile pc=0x000002441f6cc1a4 method=java.util.TreeMap.getEntry(Ljava/lang/Object;)Ljava/util/TreeMap$Entry; @ 19 c2
Event: 167016.455 Thread 0x00000244302a0260 DEOPT PACKING pc=0x000002441f6cc1a4 sp=0x000000d4920fc940
Event: 167016.455 Thread 0x00000244302a0260 DEOPT UNPACKING pc=0x000002441e1666a3 sp=0x000000d4920fc8d8 mode 2
Event: 167016.455 Thread 0x00000244302a0260 Uncommon trap: trap_request=0xffffffde fr.pc=0x000002441f6cc1a4 relative=0x0000000000000484
Event: 167016.455 Thread 0x00000244302a0260 Uncommon trap: reason=class_check action=maybe_recompile pc=0x000002441f6cc1a4 method=java.util.TreeMap.getEntry(Ljava/lang/Object;)Ljava/util/TreeMap$Entry; @ 19 c2
Event: 167016.455 Thread 0x00000244302a0260 DEOPT PACKING pc=0x000002441f6cc1a4 sp=0x000000d4920fc940
Event: 167016.455 Thread 0x00000244302a0260 DEOPT UNPACKING pc=0x000002441e1666a3 sp=0x000000d4920fc8d8 mode 2
Event: 167018.606 Thread 0x000002442e5c8550 Uncommon trap: trap_request=0xffffff45 fr.pc=0x000002441f0e995c relative=0x00000000000014fc
Event: 167018.606 Thread 0x000002442e5c8550 Uncommon trap: reason=unstable_if action=reinterpret pc=0x000002441f0e995c method=org.eclipse.jdt.internal.core.index.DiskIndex.mergeCategory([CLorg/eclipse/jdt/internal/core/index/DiskIndex;[ILjava/io/FileOutputStream;)V @ 208 c2
Event: 167018.606 Thread 0x000002442e5c8550 DEOPT PACKING pc=0x000002441f0e995c sp=0x000000d4925ff120
Event: 167018.606 Thread 0x000002442e5c8550 DEOPT UNPACKING pc=0x000002441e1666a3 sp=0x000000d4925ff0d0 mode 2
Event: 167021.516 Thread 0x000002442e5c8550 DEOPT PACKING pc=0x0000024418125bd8 sp=0x000000d4925ff050
Event: 167021.516 Thread 0x000002442e5c8550 DEOPT UNPACKING pc=0x000002441e166e43 sp=0x000000d4925fe528 mode 0

Classes unloaded (20 events):
Event: 11648.777 Thread 0x00000244127e5810 Unloading class 0x000000010096e400 'java/lang/invoke/LambdaForm$MH+0x000000010096e400'
Event: 11648.777 Thread 0x00000244127e5810 Unloading class 0x000000010096e000 'java/lang/invoke/LambdaForm$MH+0x000000010096e000'
Event: 11648.777 Thread 0x00000244127e5810 Unloading class 0x000000010096dc00 'java/lang/invoke/LambdaForm$MH+0x000000010096dc00'
Event: 11648.777 Thread 0x00000244127e5810 Unloading class 0x000000010096d800 'java/lang/invoke/LambdaForm$MH+0x000000010096d800'
Event: 11648.777 Thread 0x00000244127e5810 Unloading class 0x0000000100968800 'jdk/internal/reflect/GeneratedSerializationConstructorAccessor12'
Event: 11648.777 Thread 0x00000244127e5810 Unloading class 0x0000000100968400 'jdk/internal/reflect/GeneratedSerializationConstructorAccessor11'
Event: 11648.777 Thread 0x00000244127e5810 Unloading class 0x0000000100968000 'jdk/internal/reflect/GeneratedSerializationConstructorAccessor10'
Event: 11648.785 Thread 0x00000244127e5810 Unloading class 0x0000000100964800 'java/lang/invoke/LambdaForm$MH+0x0000000100964800'
Event: 11648.785 Thread 0x00000244127e5810 Unloading class 0x0000000100964400 'java/lang/invoke/LambdaForm$MH+0x0000000100964400'
Event: 11648.785 Thread 0x00000244127e5810 Unloading class 0x0000000100964000 'java/lang/invoke/LambdaForm$MH+0x0000000100964000'
Event: 11648.785 Thread 0x00000244127e5810 Unloading class 0x0000000100718800 'java/lang/invoke/LambdaForm$MH+0x0000000100718800'
Event: 11648.785 Thread 0x00000244127e5810 Unloading class 0x000000010094fc00 'java/lang/invoke/LambdaForm$MH+0x000000010094fc00'
Event: 11648.785 Thread 0x00000244127e5810 Unloading class 0x0000000100951000 'java/lang/invoke/LambdaForm$MH+0x0000000100951000'
Event: 11648.785 Thread 0x00000244127e5810 Unloading class 0x0000000100958400 'jdk/internal/reflect/GeneratedConstructorAccessor56'
Event: 11648.785 Thread 0x00000244127e5810 Unloading class 0x000000010094f400 'jdk/internal/reflect/GeneratedConstructorAccessor53'
Event: 11648.785 Thread 0x00000244127e5810 Unloading class 0x0000000100951800 'jdk/internal/reflect/GeneratedConstructorAccessor49'
Event: 11648.800 Thread 0x00000244127e5810 Unloading class 0x000000010034a000 'jdk/internal/reflect/GeneratedConstructorAccessor33'
Event: 11648.800 Thread 0x00000244127e5810 Unloading class 0x0000000100871c00 'jdk/internal/reflect/GeneratedConstructorAccessor28'
Event: 11648.800 Thread 0x00000244127e5810 Unloading class 0x00000001007e1000 'jdk/internal/reflect/GeneratedConstructorAccessor23'
Event: 11648.800 Thread 0x00000244127e5810 Unloading class 0x00000001007e0c00 'jdk/internal/reflect/GeneratedConstructorAccessor22'

Classes redefined (0 events):
No events

Internal exceptions (20 events):
Event: 12238.940 Thread 0x000002443029e910 Implicit null exception at 0x0000024418ef28f6 to 0x0000024418ef2f7d
Event: 12238.940 Thread 0x000002443029e910 Exception <a 'java/lang/NullPointerException'{0x00000000eafc1e18}> (0x00000000eafc1e18) 
thrown [s\src\hotspot\share\runtime\sharedRuntime.cpp, line 628]
Event: 167012.645 Thread 0x000002442f449df0 Exception <a 'java/lang/NoSuchMethodError'{0x00000000eab179e0}: 'java.lang.Object java.lang.invoke.DirectMethodHandle$Holder.newInvokeSpecial(java.lang.Object, java.lang.Object, java.lang.Object, java.lang.Object, java.lang.Object, java.lang.Object, java.lang.Object, java.lang.Object, java.lang.Object, java.lang.Object)'> (0x00000000eab179e0) 
thrown [s\src\hotspot\share\interpreter\linkResolver.cpp, line 759]
Event: 167014.384 Thread 0x000002442f449df0 Exception <a 'sun/nio/fs/WindowsException'{0x00000000eab93428}> (0x00000000eab93428) 
thrown [s\src\hotspot\share\prims\jni.cpp, line 516]
Event: 167015.494 Thread 0x00000244302a1bb0 Exception <a 'java/io/IOException'{0x00000000eabcc1a8}> (0x00000000eabcc1a8) 
thrown [s\src\hotspot\share\prims\jni.cpp, line 516]
Event: 167015.494 Thread 0x00000244302a1bb0 Exception <a 'java/io/IOException'{0x00000000eabcc3a8}> (0x00000000eabcc3a8) 
thrown [s\src\hotspot\share\prims\jni.cpp, line 516]
Event: 167015.494 Thread 0x00000244302a1bb0 Exception <a 'java/io/IOException'{0x00000000eabe3a68}> (0x00000000eabe3a68) 
thrown [s\src\hotspot\share\prims\jni.cpp, line 516]
Event: 167015.495 Thread 0x00000244302a1bb0 Exception <a 'java/io/IOException'{0x00000000eabe4698}> (0x00000000eabe4698) 
thrown [s\src\hotspot\share\prims\jni.cpp, line 516]
Event: 167015.495 Thread 0x00000244302a1bb0 Exception <a 'java/io/IOException'{0x00000000eabe49a8}> (0x00000000eabe49a8) 
thrown [s\src\hotspot\share\prims\jni.cpp, line 516]
Event: 167015.495 Thread 0x00000244302a1bb0 Exception <a 'java/io/IOException'{0x00000000eabe4cb8}> (0x00000000eabe4cb8) 
thrown [s\src\hotspot\share\prims\jni.cpp, line 516]
Event: 167015.495 Thread 0x00000244302a1bb0 Exception <a 'java/io/IOException'{0x00000000eabe5c58}> (0x00000000eabe5c58) 
thrown [s\src\hotspot\share\prims\jni.cpp, line 516]
Event: 167015.496 Thread 0x00000244302a1bb0 Exception <a 'java/io/IOException'{0x00000000eabe5f68}> (0x00000000eabe5f68) 
thrown [s\src\hotspot\share\prims\jni.cpp, line 516]
Event: 167015.496 Thread 0x00000244302a1bb0 Exception <a 'java/io/IOException'{0x00000000eabe64e8}> (0x00000000eabe64e8) 
thrown [s\src\hotspot\share\prims\jni.cpp, line 516]
Event: 167015.496 Thread 0x00000244302a1bb0 Exception <a 'java/io/IOException'{0x00000000eabe79f8}> (0x00000000eabe79f8) 
thrown [s\src\hotspot\share\prims\jni.cpp, line 516]
Event: 167015.496 Thread 0x00000244302a1bb0 Exception <a 'java/io/IOException'{0x00000000eabe7d08}> (0x00000000eabe7d08) 
thrown [s\src\hotspot\share\prims\jni.cpp, line 516]
Event: 167015.496 Thread 0x00000244302a1bb0 Exception <a 'java/io/IOException'{0x00000000eabe8280}> (0x00000000eabe8280) 
thrown [s\src\hotspot\share\prims\jni.cpp, line 516]
Event: 167016.222 Thread 0x00000244302a0260 Implicit null exception at 0x000002441e7506f8 to 0x000002441e750766
Event: 167017.106 Thread 0x00000244302a0260 Exception <a 'java/lang/NoSuchMethodError'{0x00000000eabbfa20}: 'void java.lang.invoke.DirectMethodHandle$Holder.invokeInterface(java.lang.Object, java.lang.Object)'> (0x00000000eabbfa20) 
thrown [s\src\hotspot\share\interpreter\linkResolver.cpp, line 759]
Event: 167017.706 Thread 0x00000244302a0260 Exception <a 'java/io/FileNotFoundException'{0x00000000eac74e70}> (0x00000000eac74e70) 
thrown [s\src\hotspot\share\prims\jni.cpp, line 516]
Event: 167018.764 Thread 0x000002442e5c8550 Exception <a 'sun/nio/fs/WindowsException'{0x00000000eacd8d68}> (0x00000000eacd8d68) 
thrown [s\src\hotspot\share\prims\jni.cpp, line 516]

VM Operations (20 events):
Event: 167012.635 Executing VM operation: ParallelGCFailedAllocation done
Event: 167013.643 Executing VM operation: Cleanup
Event: 167013.643 Executing VM operation: Cleanup done
Event: 167015.665 Executing VM operation: Cleanup
Event: 167015.665 Executing VM operation: Cleanup done
Event: 167016.166 Executing VM operation: ParallelGCFailedAllocation
Event: 167016.170 Executing VM operation: ParallelGCFailedAllocation done
Event: 167017.181 Executing VM operation: Cleanup
Event: 167017.290 Executing VM operation: Cleanup done
Event: 167017.526 Executing VM operation: HandshakeAllThreads
Event: 167017.526 Executing VM operation: HandshakeAllThreads done
Event: 167018.540 Executing VM operation: Cleanup
Event: 167018.540 Executing VM operation: Cleanup done
Event: 167018.980 Executing VM operation: ParallelGCFailedAllocation
Event: 167018.982 Executing VM operation: ParallelGCFailedAllocation done
Event: 167019.454 Executing VM operation: ParallelGCFailedAllocation
Event: 167019.459 Executing VM operation: ParallelGCFailedAllocation done
Event: 167021.017 Executing VM operation: ParallelGCFailedAllocation
Event: 167021.025 Executing VM operation: ParallelGCFailedAllocation done
Event: 167021.520 Executing VM operation: ParallelGCFailedAllocation

Events (20 events):
Event: 167006.166 loading class java/util/concurrent/Executors$DelegatedExecutorService
Event: 167006.167 loading class java/util/concurrent/Executors$DelegatedExecutorService done
Event: 167006.167 loading class java/util/concurrent/Executors$DelegatedScheduledExecutorService done
Event: 167006.183 Thread 0x000002443029e910 Thread added: 0x000002443029e910
Event: 167010.985 Thread 0x00000244302a3500 Thread added: 0x00000244302a3500
Event: 167010.986 Thread 0x00000244302a2ae0 Thread added: 0x00000244302a2ae0
Event: 167010.988 loading class java/util/zip/Deflater
Event: 167011.051 loading class java/util/zip/Deflater done
Event: 167011.064 loading class java/util/zip/Deflater$DeflaterZStreamRef
Event: 167011.065 loading class java/util/zip/Deflater$DeflaterZStreamRef done
Event: 167011.962 Thread 0x00000244302a2ae0 Thread exited: 0x00000244302a2ae0
Event: 167011.962 Thread 0x00000244302a3500 Thread exited: 0x00000244302a3500
Event: 167012.759 Thread 0x000002443029f330 Thread added: 0x000002443029f330
Event: 167012.762 Thread 0x00000244302a2ae0 Thread added: 0x00000244302a2ae0
Event: 167012.786 Thread 0x00000244302a0770 Thread added: 0x00000244302a0770
Event: 167014.095 Thread 0x000002443029f330 Thread exited: 0x000002443029f330
Event: 167014.096 Thread 0x00000244302a2ae0 Thread exited: 0x00000244302a2ae0
Event: 167014.096 Thread 0x00000244302a0770 Thread exited: 0x00000244302a0770
Event: 167015.638 Thread 0x00000244302a0260 Thread added: 0x00000244302a0260
Event: 167016.386 Thread 0x000002443029f330 Thread added: 0x000002443029f330


Dynamic libraries:
0x00007ff63a880000 - 0x00007ff63a88e000 	c:\Users\bhand\.vscode\extensions\redhat.java-1.24.0-win32-x64\jre\17.0.8.1-win32-x86_64\bin\java.exe
0x00007ffb866b0000 - 0x00007ffb868a8000 	C:\Windows\SYSTEM32\ntdll.dll
0x00007ffb86450000 - 0x00007ffb8650d000 	C:\Windows\System32\KERNEL32.DLL
0x00007ffb84170000 - 0x00007ffb84466000 	C:\Windows\System32\KERNELBASE.dll
0x00007ffb83d90000 - 0x00007ffb83e90000 	C:\Windows\System32\ucrtbase.dll
0x00007ffb81d80000 - 0x00007ffb81d97000 	c:\Users\bhand\.vscode\extensions\redhat.java-1.24.0-win32-x64\jre\17.0.8.1-win32-x86_64\bin\jli.dll
0x00007ffb7db70000 - 0x00007ffb7db89000 	c:\Users\bhand\.vscode\extensions\redhat.java-1.24.0-win32-x64\jre\17.0.8.1-win32-x86_64\bin\VCRUNTIME140.dll
0x00007ffb84ce0000 - 0x00007ffb84e7e000 	C:\Windows\System32\USER32.dll
0x00007ffb83f30000 - 0x00007ffb83f52000 	C:\Windows\System32\win32u.dll
0x00007ffb83170000 - 0x00007ffb8340a000 	C:\Windows\WinSxS\amd64_microsoft.windows.common-controls_6595b64144ccf1df_6.0.19041.3636_none_60b6a03d71f818d5\COMCTL32.dll
0x00007ffb85d90000 - 0x00007ffb85dbc000 	C:\Windows\System32\GDI32.dll
0x00007ffb86310000 - 0x00007ffb863ae000 	C:\Windows\System32\msvcrt.dll
0x00007ffb83f60000 - 0x00007ffb8407a000 	C:\Windows\System32\gdi32full.dll
0x00007ffb83e90000 - 0x00007ffb83f2d000 	C:\Windows\System32\msvcp_win.dll
0x00007ffb84f40000 - 0x00007ffb84f70000 	C:\Windows\System32\IMM32.DLL
0x00007ffb82290000 - 0x00007ffb8229c000 	c:\Users\bhand\.vscode\extensions\redhat.java-1.24.0-win32-x64\jre\17.0.8.1-win32-x86_64\bin\vcruntime140_1.dll
0x00007ffb66420000 - 0x00007ffb664b1000 	c:\Users\bhand\.vscode\extensions\redhat.java-1.24.0-win32-x64\jre\17.0.8.1-win32-x86_64\bin\msvcp140.dll
0x00007ffb28ae0000 - 0x00007ffb2972c000 	c:\Users\bhand\.vscode\extensions\redhat.java-1.24.0-win32-x64\jre\17.0.8.1-win32-x86_64\bin\server\jvm.dll
0x00007ffb865c0000 - 0x00007ffb8666f000 	C:\Windows\System32\ADVAPI32.dll
0x00007ffb863b0000 - 0x00007ffb8644c000 	C:\Windows\System32\sechost.dll
0x00007ffb84710000 - 0x00007ffb84836000 	C:\Windows\System32\RPCRT4.dll
0x00007ffb837a0000 - 0x00007ffb837eb000 	C:\Windows\SYSTEM32\POWRPROF.dll
0x00007ffb81d00000 - 0x00007ffb81d09000 	C:\Windows\SYSTEM32\WSOCK32.dll
0x00007ffb85190000 - 0x00007ffb851fb000 	C:\Windows\System32\WS2_32.dll
0x00007ffb6ec50000 - 0x00007ffb6ec77000 	C:\Windows\SYSTEM32\WINMM.dll
0x00007ffb732d0000 - 0x00007ffb732da000 	C:\Windows\SYSTEM32\VERSION.dll
0x00007ffb83500000 - 0x00007ffb83512000 	C:\Windows\SYSTEM32\UMPDC.dll
0x00007ffb817e0000 - 0x00007ffb817f2000 	C:\Windows\SYSTEM32\kernel.appcore.dll
0x00007ffb7e990000 - 0x00007ffb7e99a000 	c:\Users\bhand\.vscode\extensions\redhat.java-1.24.0-win32-x64\jre\17.0.8.1-win32-x86_64\bin\jimage.dll
0x00007ffb837f0000 - 0x00007ffb839d4000 	C:\Windows\SYSTEM32\DBGHELP.DLL
0x00007ffb836e0000 - 0x00007ffb83714000 	C:\Windows\SYSTEM32\dbgcore.DLL
0x00007ffb84520000 - 0x00007ffb845a2000 	C:\Windows\System32\bcryptPrimitives.dll
0x00007ffb7d1d0000 - 0x00007ffb7d1de000 	c:\Users\bhand\.vscode\extensions\redhat.java-1.24.0-win32-x64\jre\17.0.8.1-win32-x86_64\bin\instrument.dll
0x00007ffb6b460000 - 0x00007ffb6b485000 	c:\Users\bhand\.vscode\extensions\redhat.java-1.24.0-win32-x64\jre\17.0.8.1-win32-x86_64\bin\java.dll
0x00007ffb75210000 - 0x00007ffb75228000 	c:\Users\bhand\.vscode\extensions\redhat.java-1.24.0-win32-x64\jre\17.0.8.1-win32-x86_64\bin\zip.dll
0x00007ffb85640000 - 0x00007ffb85d84000 	C:\Windows\System32\SHELL32.dll
0x00007ffb81010000 - 0x00007ffb817ab000 	C:\Windows\SYSTEM32\windows.storage.dll
0x00007ffb85200000 - 0x00007ffb85554000 	C:\Windows\System32\combase.dll
0x00007ffb830d0000 - 0x00007ffb830fd000 	C:\Windows\SYSTEM32\Wldp.dll
0x00007ffb86510000 - 0x00007ffb865bd000 	C:\Windows\System32\SHCORE.dll
0x00007ffb84ee0000 - 0x00007ffb84f35000 	C:\Windows\System32\shlwapi.dll
0x00007ffb83cc0000 - 0x00007ffb83ce5000 	C:\Windows\SYSTEM32\profapi.dll
0x00007ffb714f0000 - 0x00007ffb71509000 	C:\Users\bhand\.vscode\extensions\redhat.java-1.24.0-win32-x64\jre\17.0.8.1-win32-x86_64\bin\net.dll
0x00007ffb77bc0000 - 0x00007ffb77cca000 	C:\Windows\SYSTEM32\WINHTTP.dll
0x00007ffb82de0000 - 0x00007ffb82e4a000 	C:\Windows\system32\mswsock.dll
0x00007ffb71420000 - 0x00007ffb71435000 	C:\Users\bhand\.vscode\extensions\redhat.java-1.24.0-win32-x64\jre\17.0.8.1-win32-x86_64\bin\nio.dll
0x00007ffb720c0000 - 0x00007ffb720d0000 	c:\Users\bhand\.vscode\extensions\redhat.java-1.24.0-win32-x64\jre\17.0.8.1-win32-x86_64\bin\verify.dll
0x00007ffb663e0000 - 0x00007ffb6641e000 	C:\Users\bhand\AppData\Roaming\Code\User\globalStorage\redhat.java\1.24.0\config_win\org.eclipse.equinox.launcher\org.eclipse.equinox.launcher.win32.win32.x86_64_1.2.700.v20221108-1024\eclipse_11801.dll
0x00007ffb85dc0000 - 0x00007ffb85eeb000 	C:\Windows\System32\ole32.dll
0x00007ffb83b00000 - 0x00007ffb83b18000 	C:\Windows\SYSTEM32\CRYPTSP.dll
0x00007ffb827b0000 - 0x00007ffb827e4000 	C:\Windows\system32\rsaenh.dll
0x00007ffb840d0000 - 0x00007ffb840f7000 	C:\Windows\System32\bcrypt.dll
0x00007ffb83c40000 - 0x00007ffb83c6e000 	C:\Windows\SYSTEM32\USERENV.dll
0x00007ffb83060000 - 0x00007ffb8306c000 	C:\Windows\SYSTEM32\CRYPTBASE.dll
0x00007ffb82b10000 - 0x00007ffb82b4b000 	C:\Windows\SYSTEM32\IPHLPAPI.DLL
0x00007ffb84840000 - 0x00007ffb84848000 	C:\Windows\System32\NSI.dll
0x00007ffb783d0000 - 0x00007ffb783e7000 	C:\Windows\SYSTEM32\dhcpcsvc6.DLL
0x00007ffb7a6f0000 - 0x00007ffb7a70d000 	C:\Windows\SYSTEM32\dhcpcsvc.DLL
0x00007ffb82b50000 - 0x00007ffb82c1a000 	C:\Windows\SYSTEM32\DNSAPI.dll
0x00007ffb60fd0000 - 0x00007ffb61015000 	C:\Users\bhand\AppData\Local\Temp\jna-93700049\jna5178613554129854434.dll
0x00007ffb84f70000 - 0x00007ffb84f78000 	C:\Windows\System32\PSAPI.DLL
0x00007ffb823b0000 - 0x00007ffb823be000 	C:\Users\bhand\.vscode\extensions\redhat.java-1.24.0-win32-x64\jre\17.0.8.1-win32-x86_64\bin\sunmscapi.dll
0x00007ffb845b0000 - 0x00007ffb8470d000 	C:\Windows\System32\CRYPT32.dll
0x00007ffb83140000 - 0x00007ffb83167000 	C:\Windows\SYSTEM32\ncrypt.dll
0x00007ffb83100000 - 0x00007ffb8313b000 	C:\Windows\SYSTEM32\NTASN1.dll
0x00007ffb76fd0000 - 0x00007ffb76fda000 	C:\Windows\System32\rasadhlp.dll
0x00007ffb77190000 - 0x00007ffb77210000 	C:\Windows\System32\fwpuclnt.dll
0x00007ffb83ac0000 - 0x00007ffb83af3000 	C:\Windows\SYSTEM32\ntmarta.dll

dbghelp: loaded successfully - version: 4.0.5 - missing functions: none
symbol engine: initialized successfully - sym options: 0x614 - pdb path: .;c:\Users\bhand\.vscode\extensions\redhat.java-1.24.0-win32-x64\jre\17.0.8.1-win32-x86_64\bin;C:\Windows\SYSTEM32;C:\Windows\WinSxS\amd64_microsoft.windows.common-controls_6595b64144ccf1df_6.0.19041.3636_none_60b6a03d71f818d5;c:\Users\bhand\.vscode\extensions\redhat.java-1.24.0-win32-x64\jre\17.0.8.1-win32-x86_64\bin\server;C:\Users\bhand\AppData\Roaming\Code\User\globalStorage\redhat.java\1.24.0\config_win\org.eclipse.equinox.launcher\org.eclipse.equinox.launcher.win32.win32.x86_64_1.2.700.v20221108-1024;C:\Users\bhand\AppData\Local\Temp\jna-93700049

VM Arguments:
jvm_args: --add-modules=ALL-SYSTEM --add-opens=java.base/java.util=ALL-UNNAMED --add-opens=java.base/java.lang=ALL-UNNAMED --add-opens=java.base/sun.nio.fs=ALL-UNNAMED -Declipse.application=org.eclipse.jdt.ls.core.id1 -Dosgi.bundles.defaultStartLevel=4 -Declipse.product=org.eclipse.jdt.ls.core.product -Djava.import.generatesMetadataFilesAtProjectRoot=false -DDetectVMInstallationsJob.disabled=true -Dfile.encoding=utf8 -XX:+UseParallelGC -XX:GCTimeRatio=4 -XX:AdaptiveSizePolicyWeight=90 -Dsun.zip.disableMemoryMapping=true -Xmx1G -Xms100m -Xlog:disable -javaagent:c:\Users\bhand\.vscode\extensions\redhat.java-1.24.0-win32-x64\lombok\lombok-1.18.30.jar -XX:+HeapDumpOnOutOfMemoryError -XX:HeapDumpPath=c:\Users\bhand\AppData\Roaming\Code\User\workspaceStorage\c377c9bc421ba3cb8b067c13f5c2324e\redhat.java -Daether.dependencyCollector.impl=bf 
java_command: c:\Users\bhand\.vscode\extensions\redhat.java-1.24.0-win32-x64\server\plugins\org.eclipse.equinox.launcher_1.6.500.v20230717-2134.jar -configuration c:\Users\bhand\AppData\Roaming\Code\User\globalStorage\redhat.java\1.24.0\config_win -data c:\Users\bhand\AppData\Roaming\Code\User\workspaceStorage\c377c9bc421ba3cb8b067c13f5c2324e\redhat.java\jdt_ws --stdio
java_class_path (initial): c:\Users\bhand\.vscode\extensions\redhat.java-1.24.0-win32-x64\server\plugins\org.eclipse.equinox.launcher_1.6.500.v20230717-2134.jar
Launcher Type: SUN_STANDARD

[Global flags]
    uintx AdaptiveSizePolicyWeight                 = 90                                        {product} {command line}
     intx CICompilerCount                          = 3                                         {product} {ergonomic}
    uintx GCTimeRatio                              = 4                                         {product} {command line}
     bool HeapDumpOnOutOfMemoryError               = true                                   {manageable} {command line}
    ccstr HeapDumpPath                             = c:\Users\bhand\AppData\Roaming\Code\User\workspaceStorage\c377c9bc421ba3cb8b067c13f5c2324e\redhat.java         {manageable} {command line}
   size_t InitialHeapSize                          = 104857600                                 {product} {command line}
   size_t MaxHeapSize                              = 1073741824                                {product} {command line}
   size_t MaxNewSize                               = 357564416                                 {product} {ergonomic}
   size_t MinHeapDeltaBytes                        = 524288                                    {product} {ergonomic}
   size_t MinHeapSize                              = 104857600                                 {product} {command line}
   size_t NewSize                                  = 34603008                                  {product} {ergonomic}
    uintx NonNMethodCodeHeapSize                   = 5832780                                {pd product} {ergonomic}
    uintx NonProfiledCodeHeapSize                  = 122912730                              {pd product} {ergonomic}
   size_t OldSize                                  = 70254592                                  {product} {ergonomic}
    uintx ProfiledCodeHeapSize                     = 122912730                              {pd product} {ergonomic}
    uintx ReservedCodeCacheSize                    = 251658240                              {pd product} {ergonomic}
     bool SegmentedCodeCache                       = true                                      {product} {ergonomic}
   size_t SoftMaxHeapSize                          = 1073741824                             {manageable} {ergonomic}
     bool UseCompressedClassPointers               = true                           {product lp64_product} {ergonomic}
     bool UseCompressedOops                        = true                           {product lp64_product} {ergonomic}
     bool UseLargePagesIndividualAllocation        = false                                  {pd product} {ergonomic}
     bool UseParallelGC                            = true                                      {product} {command line}

Logging:
Log output configuration:
 #0: stdout all=off uptime,level,tags
 #1: stderr all=off uptime,level,tags

Environment Variables:
PATH=C:\Windows\system32;C:\Windows;C:\Windows\System32\Wbem;C:\Windows\System32\WindowsPowerShell\v1.0\;C:\Windows\System32\OpenSSH\;C:\Program Files\Git\cmd;C:\Program Files\java\jdk-18.0.2.1\bin;C:\Users\bhand\AppData\Local\Microsoft\WindowsApps;;C:\Users\bhand\AppData\Local\Programs\Microsoft VS Code\bin
USERNAME=bhand
OS=Windows_NT
PROCESSOR_IDENTIFIER=Intel64 Family 6 Model 69 Stepping 1, GenuineIntel
TMP=C:\Users\bhand\AppData\Local\Temp
TEMP=C:\Users\bhand\AppData\Local\Temp



---------------  S Y S T E M  ---------------

OS:
 Windows 10 , 64 bit Build 19041 (10.0.19041.3636)
OS uptime: 3 days 18:11 hours

CPU: total 4 (initial active 4) (2 cores per cpu, 2 threads per core) family 6 model 69 stepping 1 microcode 0x25, cx8, cmov, fxsr, ht, mmx, sse, sse2, sse3, ssse3, sse4.1, sse4.2, popcnt, lzcnt, tsc, tscinvbit, avx, avx2, aes, erms, clmul, bmi1, bmi2, fma, vzeroupper, clflush
Processor Information for all 4 processors :
  Max Mhz: 2401, Current Mhz: 2400, Mhz Limit: 2376

Memory: 4k page, system-wide physical 3979M (971M free)
TotalPageFile size 7257M (AvailPageFile size 2876M)
current process WorkingSet (physical memory assigned to process): 347M, peak: 396M
current process commit charge ("private bytes"): 420M, peak: 457M

vm_info: OpenJDK 64-Bit Server VM (17.0.8.1+1) for windows-amd64 JRE (17.0.8.1+1), built on Aug 23 2023 15:29:17 by "admin" with MS VC++ 16.7 (VS2019)

END.
